-----------------------------------
Date: 2025-12-21 18:51:43
To: alwinvarghese52@gmail.com
Subject: Password Reset Request
Link: http://localhost/helpify/reset_password.php?token=5739049a42c253afa3745002baa94a6e6c3eddfa45abec7b9e6712c2b80d1a96
-----------------------------------

-----------------------------------
Date: 2025-12-21 18:57:27
To: alwinvarghese52@gmail.com
Subject: Password Reset Request
Link: http://localhost/helpify/reset_password.php?token=299f9085947d3b14f142e3b2167fe948e41daf2dbb0816b47df7daa933735edf
-----------------------------------

-----------------------------------
Date: 2025-12-21 19:11:30
To: alwinvarghese52@gmail.com
Subject: Password Reset Request
Link: http://localhost/helpify/reset_password.php?token=c4d4294bd64ce5d59178dba0155e5c2a4768fe03a69b0b5de9f0b7040a7492aa
-----------------------------------

-----------------------------------
Date: 2025-12-21 19:11:35
To: alwinvarghese52@gmail.com
Subject: Password Reset Request
Link: http://localhost/helpify/reset_password.php?token=d90dcd63c77102411445938dd80520812e3e9bb8d6287706f2503baa2d5f3c38
-----------------------------------

-----------------------------------
Date: 2025-12-22 04:29:32
To: alwinvarghese52@gmail.com
Subject: Password Reset Request
Link: http://localhost/helpify/reset_password.php?token=ff923691a3cdb7b01895088d2b40a1baef15a36d31bac420efd82845b77a64c3
-----------------------------------

-----------------------------------
Date: 2025-12-22 04:39:34
To: alwinvarghese52@gmail.com
Subject: Password Reset Request
Link: http://localhost/helpify/reset_password.php?token=cfab23fd002978dad15cb6bf254764c6f7a153fa273bd385370eb1bdc6d625a8
-----------------------------------

-----------------------------------
Date: 2025-12-22 04:41:32
To: alwinvarghese52@gmail.com
Subject: Password Reset Request
Link: http://localhost/helpify/reset_password.php?token=b920b67e5f7f8fa749a52a8c374a48290e8a8616808d224fed2c4453c8f66f03
-----------------------------------

-----------------------------------
Date: 2025-12-22 04:42:53
To: alwinvarghese52@gmail.com
Subject: Password Reset Request
Link: http://localhost/helpify/reset_password.php?token=06a43675b2e2cd752696354bd76d318ad34f9193614987da8e9df4c5a1d958b3
-----------------------------------

-----------------------------------
Date: 2025-12-22 04:43:03
To: alwinvarghese52@gmail.com
Subject: Password Reset Request
Link: http://localhost/helpify/reset_password.php?token=ac263037319e7e0b39f75a681bb6c2f9f225dbbae4d6f411d3068fd2f06cd9dc
-----------------------------------

-----------------------------------
Date: 2025-12-22 04:46:18
To: alwinvarghese52@gmail.com
Subject: Password Reset Request
Link: http://localhost/helpify/reset_password.php?token=59090b0c00c975af2b1bda381c8265f877c31f423df8e3ae8c87c8fe0242fea8
-----------------------------------

-----------------------------------
Date: 2025-12-22 04:47:03
To: alwinvarghese52@gmail.com
Subject: Password Reset Request
Link: http://localhost/helpify/reset_password.php?token=3cdb35ea0e834383e5103dbccc9ddfe7521f801cd418489e75204d4ad4f44eb5
-----------------------------------

-----------------------------------
Date: 2025-12-22 04:47:24
To: alwinvarghese52@gmail.com
Subject: Password Reset Request
Link: http://localhost/helpify/reset_password.php?token=8953669aaf9d1937427475e4b6ecce9bc0cac94f4436adeee731eadc802c4842
-----------------------------------

-----------------------------------
Date: 2025-12-22 04:47:46
To: alwinvarghese2028@mca.ajce.in
Subject: Password Reset Request
Link: http://localhost/helpify/reset_password.php?token=837534d3f1d1cc94cf90b6b149016ccb2258dd39df49f37ad594ba737f7ea34f
-----------------------------------

